# JRE version: OpenJDK Runtime Environment (8.0_152-b06) (build 1.8.0_152-release-1136-b06)
# Java VM: OpenJDK 64-Bit Server VM (25.152-b06 mixed mode windows-amd64 compressed oops)
Heap:
 PSYoungGen      total 270848K, used 239824K [0x00000000e0000000, 0x00000000f4080000, 0x0000000100000000)
  eden space 228864K, 100% used [0x00000000e0000000,0x00000000edf80000,0x00000000edf80000)
  from space 41984K, 26% used [0x00000000edf80000,0x00000000eea343a0,0x00000000f0880000)
  to   space 40960K, 20% used [0x00000000f1880000,0x00000000f20a4130,0x00000000f4080000)
 ParOldGen       total 259072K, used 89890K [0x00000000a0000000, 0x00000000afd00000, 0x00000000e0000000)
  object space 259072K, 34% used [0x00000000a0000000,0x00000000a57c8b90,0x00000000afd00000)
 Metaspace       used 98807K, capacity 103636K, committed 103884K, reserved 1140736K
  class space    used 12402K, capacity 13463K, committed 13556K, reserved 1048576K
GC Heap History (10 events):
Event: 3261.554 GC heap after
Heap after GC invocations=25 (full 3):
 PSYoungGen      total 245248K, used 28137K [0x00000000e0000000, 0x00000000f1b00000, 0x0000000100000000)
  eden space 204800K, 0% used [0x00000000e0000000,0x00000000e0000000,0x00000000ec800000)
  from space 40448K, 69% used [0x00000000ef380000,0x00000000f0efa578,0x00000000f1b00000)
  to   space 42496K, 0% used [0x00000000ec800000,0x00000000ec800000,0x00000000ef180000)
 ParOldGen       total 150528K, used 92218K [0x00000000a0000000, 0x00000000a9300000, 0x00000000e0000000)
  object space 150528K, 61% used [0x00000000a0000000,0x00000000a5a0e878,0x00000000a9300000)
 Metaspace       used 93549K, capacity 98264K, committed 98380K, reserved 1134592K
  class space    used 11951K, capacity 13096K, committed 13172K, reserved 1048576K
}
Event: 3261.554 GC heap before
{Heap before GC invocations=26 (full 4):
 PSYoungGen      total 245248K, used 28137K [0x00000000e0000000, 0x00000000f1b00000, 0x0000000100000000)
  eden space 204800K, 0% used [0x00000000e0000000,0x00000000e0000000,0x00000000ec800000)
  from space 40448K, 69% used [0x00000000ef380000,0x00000000f0efa578,0x00000000f1b00000)
  to   space 42496K, 0% used [0x00000000ec800000,0x00000000ec800000,0x00000000ef180000)
 ParOldGen       total 150528K, used 92218K [0x00000000a0000000, 0x00000000a9300000, 0x00000000e0000000)
  object space 150528K, 61% used [0x00000000a0000000,0x00000000a5a0e878,0x00000000a9300000)
 Metaspace       used 93549K, capacity 98264K, committed 98380K, reserved 1134592K
  class space    used 11951K, capacity 13096K, committed 13172K, reserved 1048576K
Event: 3262.019 GC heap after
Heap after GC invocations=26 (full 4):
 PSYoungGen      total 245248K, used 0K [0x00000000e0000000, 0x00000000f1b00000, 0x0000000100000000)
  eden space 204800K, 0% used [0x00000000e0000000,0x00000000e0000000,0x00000000ec800000)
  from space 40448K, 0% used [0x00000000ef380000,0x00000000ef380000,0x00000000f1b00000)
  to   space 42496K, 0% used [0x00000000ec800000,0x00000000ec800000,0x00000000ef180000)
 ParOldGen       total 259072K, used 89858K [0x00000000a0000000, 0x00000000afd00000, 0x00000000e0000000)
  object space 259072K, 34% used [0x00000000a0000000,0x00000000a57c0b90,0x00000000afd00000)
 Metaspace       used 92116K, capacity 95834K, committed 98380K, reserved 1134592K
  class space    used 11642K, capacity 12590K, committed 13172K, reserved 1048576K
}
Event: 3264.536 GC heap before
{Heap before GC invocations=27 (full 4):
 PSYoungGen      total 245248K, used 204800K [0x00000000e0000000, 0x00000000f1b00000, 0x0000000100000000)
  eden space 204800K, 100% used [0x00000000e0000000,0x00000000ec800000,0x00000000ec800000)
  from space 40448K, 0% used [0x00000000ef380000,0x00000000ef380000,0x00000000f1b00000)
  to   space 42496K, 0% used [0x00000000ec800000,0x00000000ec800000,0x00000000ef180000)
 ParOldGen       total 259072K, used 89858K [0x00000000a0000000, 0x00000000afd00000, 0x00000000e0000000)
  object space 259072K, 34% used [0x00000000a0000000,0x00000000a57c0b90,0x00000000afd00000)
 Metaspace       used 96561K, capacity 101016K, committed 101324K, reserved 1136640K
  class space    used 12135K, capacity 13159K, committed 13300K, reserved 1048576K
Event: 3264.552 GC heap after
Heap after GC invocations=27 (full 4):
 PSYoungGen      total 247296K, used 4619K [0x00000000e0000000, 0x00000000f3700000, 0x0000000100000000)
  eden space 204800K, 0% used [0x00000000e0000000,0x00000000e0000000,0x00000000ec800000)
  from space 42496K, 10% used [0x00000000ec800000,0x00000000ecc82df8,0x00000000ef180000)
  to   space 43520K, 0% used [0x00000000f0c80000,0x00000000f0c80000,0x00000000f3700000)
 ParOldGen       total 259072K, used 89866K [0x00000000a0000000, 0x00000000afd00000, 0x00000000e0000000)
  object space 259072K, 34% used [0x00000000a0000000,0x00000000a57c2b90,0x00000000afd00000)
 Metaspace       used 96561K, capacity 101016K, committed 101324K, reserved 1136640K
  class space    used 12135K, capacity 13159K, committed 13300K, reserved 1048576K
}
Event: 3267.275 GC heap before
{Heap before GC invocations=28 (full 4):
 PSYoungGen      total 247296K, used 209419K [0x00000000e0000000, 0x00000000f3700000, 0x0000000100000000)
  eden space 204800K, 100% used [0x00000000e0000000,0x00000000ec800000,0x00000000ec800000)
  from space 42496K, 10% used [0x00000000ec800000,0x00000000ecc82df8,0x00000000ef180000)
  to   space 43520K, 0% used [0x00000000f0c80000,0x00000000f0c80000,0x00000000f3700000)
 ParOldGen       total 259072K, used 89866K [0x00000000a0000000, 0x00000000afd00000, 0x00000000e0000000)
  object space 259072K, 34% used [0x00000000a0000000,0x00000000a57c2b90,0x00000000afd00000)
 Metaspace       used 96969K, capacity 101512K, committed 101836K, reserved 1138688K
  class space    used 12166K, capacity 13205K, committed 13300K, reserved 1048576K
Event: 3267.288 GC heap after
Heap after GC invocations=28 (full 4):
 PSYoungGen      total 266752K, used 14206K [0x00000000e0000000, 0x00000000f3180000, 0x0000000100000000)
  eden space 228864K, 0% used [0x00000000e0000000,0x00000000e0000000,0x00000000edf80000)
  from space 37888K, 37% used [0x00000000f0c80000,0x00000000f1a5fb88,0x00000000f3180000)
  to   space 41984K, 0% used [0x00000000edf80000,0x00000000edf80000,0x00000000f0880000)
 ParOldGen       total 259072K, used 89874K [0x00000000a0000000, 0x00000000afd00000, 0x00000000e0000000)
  object space 259072K, 34% used [0x00000000a0000000,0x00000000a57c4b90,0x00000000afd00000)
 Metaspace       used 96969K, capacity 101512K, committed 101836K, reserved 1138688K
  class space    used 12166K, capacity 13205K, committed 13300K, reserved 1048576K
}
Event: 3269.976 GC heap before
{Heap before GC invocations=29 (full 4):
 PSYoungGen      total 266752K, used 243070K [0x00000000e0000000, 0x00000000f3180000, 0x0000000100000000)
  eden space 228864K, 100% used [0x00000000e0000000,0x00000000edf80000,0x00000000edf80000)
  from space 37888K, 37% used [0x00000000f0c80000,0x00000000f1a5fb88,0x00000000f3180000)
  to   space 41984K, 0% used [0x00000000edf80000,0x00000000edf80000,0x00000000f0880000)
 ParOldGen       total 259072K, used 89874K [0x00000000a0000000, 0x00000000afd00000, 0x00000000e0000000)
  object space 259072K, 34% used [0x00000000a0000000,0x00000000a57c4b90,0x00000000afd00000)
 Metaspace       used 97668K, capacity 102224K, committed 102476K, reserved 1138688K
  class space    used 12243K, capacity 13273K, committed 13428K, reserved 1048576K
Event: 3269.983 GC heap after
Heap after GC invocations=29 (full 4):
 PSYoungGen      total 270848K, used 10960K [0x00000000e0000000, 0x00000000f4080000, 0x0000000100000000)
  eden space 228864K, 0% used [0x00000000e0000000,0x00000000e0000000,0x00000000edf80000)
  from space 41984K, 26% used [0x00000000edf80000,0x00000000eea343a0,0x00000000f0880000)
  to   space 40960K, 0% used [0x00000000f1880000,0x00000000f1880000,0x00000000f4080000)
 ParOldGen       total 259072K, used 89882K [0x00000000a0000000, 0x00000000afd00000, 0x00000000e0000000)
  object space 259072K, 34% used [0x00000000a0000000,0x00000000a57c6b90,0x00000000afd00000)
 Metaspace       used 97668K, capacity 102224K, committed 102476K, reserved 1138688K
  class space    used 12243K, capacity 13273K, committed 13428K, reserved 1048576K
}
Event: 4018.959 GC heap before
{Heap before GC invocations=30 (full 4):
 PSYoungGen      total 270848K, used 239824K [0x00000000e0000000, 0x00000000f4080000, 0x0000000100000000)
  eden space 228864K, 100% used [0x00000000e0000000,0x00000000edf80000,0x00000000edf80000)
  from space 41984K, 26% used [0x00000000edf80000,0x00000000eea343a0,0x00000000f0880000)
  to   space 40960K, 0% used [0x00000000f1880000,0x00000000f1880000,0x00000000f4080000)
 ParOldGen       total 259072K, used 89882K [0x00000000a0000000, 0x00000000afd00000, 0x00000000e0000000)
  object space 259072K, 34% used [0x00000000a0000000,0x00000000a57c6b90,0x00000000afd00000)
 Metaspace       used 98807K, capacity 103636K, committed 103884K, reserved 1140736K
  class space    used 12402K, capacity 13463K, committed 13556K, reserved 1048576K

